<?xml version="1.0" encoding="UTF-8"?>
<!-- Generated by org.testng.reporters.JUnitXMLReporter -->
<testsuite hostname="HPDB0041" name="Default test" tests="5" failures="0" timestamp="28 Jun 2018 03:54:08 GMT" time="19.911" errors="0">
  <testcase name="click_Login" time="0.228" classname="com.Automation.HrisTest.MainHrisTest"/>
  <testcase name="LoginINCorrectPassword" time="0.938" classname="com.Automation.HrisTest.MainHrisTest"/>
  <testcase name="LoginINCorrectCredentials" time="0.896" classname="com.Automation.HrisTest.MainHrisTest"/>
  <testcase name="LoginCorrectCredentials" time="4.027" classname="com.Automation.HrisTest.MainHrisTest"/>
  <testcase name="LogOutCheck" time="4.074" classname="com.Automation.HrisTest.MainHrisTest"/>
</testsuite> <!-- Default test -->
