<?xml version="1.0" encoding="UTF-8"?>
<testng-results skipped="0" failed="0" total="5" passed="5">
  <reporter-output>
  </reporter-output>
  <suite name="Default suite" duration-ms="19911" started-at="2018-06-28T03:53:48Z" finished-at="2018-06-28T03:54:08Z">
    <groups>
    </groups>
    <test name="Default test" duration-ms="19911" started-at="2018-06-28T03:53:48Z" finished-at="2018-06-28T03:54:08Z">
      <class name="com.Automation.HrisTest.MainHrisTest">
        <test-method status="PASS" signature="Launch_Browser()[pri:0, instance:com.Automation.HrisTest.MainHrisTest@651fd0]" name="Launch_Browser" is-config="true" duration-ms="7623" started-at="2018-06-28T09:23:48Z" finished-at="2018-06-28T09:23:55Z">
          <reporter-output>
          </reporter-output>
        </test-method> <!-- Launch_Browser -->
        <test-method status="PASS" signature="click_Login()[pri:0, instance:com.Automation.HrisTest.MainHrisTest@651fd0]" name="click_Login" duration-ms="228" started-at="2018-06-28T09:23:55Z" finished-at="2018-06-28T09:23:56Z">
          <reporter-output>
          </reporter-output>
        </test-method> <!-- click_Login -->
        <test-method status="PASS" signature="LoginINCorrectPassword()[pri:0, instance:com.Automation.HrisTest.MainHrisTest@651fd0]" name="LoginINCorrectPassword" duration-ms="938" started-at="2018-06-28T09:23:56Z" finished-at="2018-06-28T09:23:57Z">
          <reporter-output>
          </reporter-output>
        </test-method> <!-- LoginINCorrectPassword -->
        <test-method status="PASS" signature="LoginINCorrectCredentials()[pri:0, instance:com.Automation.HrisTest.MainHrisTest@651fd0]" name="LoginINCorrectCredentials" duration-ms="896" started-at="2018-06-28T09:23:57Z" finished-at="2018-06-28T09:23:57Z">
          <reporter-output>
          </reporter-output>
        </test-method> <!-- LoginINCorrectCredentials -->
        <test-method status="PASS" signature="LoginCorrectCredentials()[pri:0, instance:com.Automation.HrisTest.MainHrisTest@651fd0]" name="LoginCorrectCredentials" duration-ms="4027" started-at="2018-06-28T09:23:57Z" finished-at="2018-06-28T09:24:01Z">
          <reporter-output>
          </reporter-output>
        </test-method> <!-- LoginCorrectCredentials -->
        <test-method status="PASS" signature="LogOutCheck()[pri:0, instance:com.Automation.HrisTest.MainHrisTest@651fd0]" name="LogOutCheck" duration-ms="4074" started-at="2018-06-28T09:24:01Z" finished-at="2018-06-28T09:24:06Z">
          <reporter-output>
          </reporter-output>
        </test-method> <!-- LogOutCheck -->
        <test-method status="PASS" signature="afterClass()[pri:0, instance:com.Automation.HrisTest.MainHrisTest@651fd0]" name="afterClass" is-config="true" duration-ms="2095" started-at="2018-06-28T09:24:06Z" finished-at="2018-06-28T09:24:08Z">
          <reporter-output>
          </reporter-output>
        </test-method> <!-- afterClass -->
      </class> <!-- com.Automation.HrisTest.MainHrisTest -->
    </test> <!-- Default test -->
  </suite> <!-- Default suite -->
</testng-results>
